0 info it worked if it ends with ok
1 verbose cli [ 'C:\\Program Files\\nodejs\\node.exe',
1 verbose cli   'C:\\Program Files\\nodejs\\node_modules\\npm\\bin\\npm-cli.js',
1 verbose cli   'run',
1 verbose cli   'start' ]
2 info using npm@3.10.10
3 info using node@v6.12.0
4 verbose run-script [ 'prestart', 'start', 'poststart' ]
5 info lifecycle frontend@0.0.0~prestart: frontend@0.0.0
6 silly lifecycle frontend@0.0.0~prestart: no script for prestart, continuing
7 info lifecycle frontend@0.0.0~start: frontend@0.0.0
8 verbose lifecycle frontend@0.0.0~start: unsafe-perm in lifecycle true
9 verbose lifecycle frontend@0.0.0~start: PATH: C:\Users\ktran\AppData\Roaming\nvm\v6.12.0\node_modules\npm\bin\node-gyp-bin;C:\Users\ktran\Desktop\workspace\bookstore-microservices\frontend\node_modules\.bin;C:\infamdm\hub\cleanse\lib;C:\infamdm\hub\cleanse\lib;C:\app\ktran\virtual\product\12.2.0\dbhome_2\bin;C:\Program Files\Docker\Docker\Resources\bin;C:\Program Files (x86)\Common Files\Oracle\Java\javapath;C:\ProgramData\Oracle\Java\javapath;C:\WINDOWS\system32;C:\WINDOWS;C:\WINDOWS\System32\Wbem;C:\WINDOWS\System32\WindowsPowerShell\v1.0\;C:\Program Files (x86)\WebEx\Productivity Tools;C:\Program Files\Perforce\;C:\Program Files\Git\cmd;C:\Program Files\Java\jdk1.8.0_151\bin;C:\apache-maven-3.5.2\bin;C:\Program Files (x86)\Windows Kits\8.1\Windows Performance Toolkit\;C:\Program Files\MongoDB\Server\4.0.3\bin;C:\Users\ktran\AppData\Roaming\nvm;C:\Program Files\nodejs;C:\Program Files\Microsoft VS Code\bin;C:\Program Files (x86)\Sennheiser\SoftphoneSDK\;C:\Program Files (x86)\NVIDIA Corporation\PhysX\Common;C:\WINDOWS\system32;C:\WINDOWS;C:\WINDOWS\System32\Wbem;C:\WINDOWS\System32\WindowsPowerShell\v1.0\;C:\curl-7.61.1-win64-mingw\bin;C:\dos2unix\bin;C:\Program Files\Intel\WiFi\bin\;C:\Program Files\Common Files\Intel\WirelessCommon\;C:\Program Files (x86)\Intel\Intel(R) Management Engine Components\DAL;C:\Program Files\Intel\Intel(R) Management Engine Components\DAL;C:\Ruby24-x64\bin;C:\Users\ktran\AppData\Local\Microsoft\WindowsApps;C:\Program Files\Microsoft VS Code\bin;C:\Users\ktran\AppData\Roaming\npm;C:\Python27;C:\Users\ktran\AppData\Roaming\nvm;C:\Program Files\nodejs;C:\Program Files\Intel\WiFi\bin\;C:\Program Files\Common Files\Intel\WirelessCommon\
10 verbose lifecycle frontend@0.0.0~start: CWD: C:\Users\ktran\Desktop\workspace\bookstore-microservices\frontend
11 silly lifecycle frontend@0.0.0~start: Args: [ '/d /s /c', 'node ./bin/www' ]
12 silly lifecycle frontend@0.0.0~start: Returned: code: 3221225786  signal: null
13 info lifecycle frontend@0.0.0~start: Failed to exec start script
14 verbose stack Error: frontend@0.0.0 start: `node ./bin/www`
14 verbose stack Exit status 3221225786
14 verbose stack     at EventEmitter.<anonymous> (C:\Users\ktran\AppData\Roaming\nvm\v6.12.0\node_modules\npm\lib\utils\lifecycle.js:255:16)
14 verbose stack     at emitTwo (events.js:106:13)
14 verbose stack     at EventEmitter.emit (events.js:191:7)
14 verbose stack     at ChildProcess.<anonymous> (C:\Users\ktran\AppData\Roaming\nvm\v6.12.0\node_modules\npm\lib\utils\spawn.js:40:14)
14 verbose stack     at emitTwo (events.js:106:13)
14 verbose stack     at ChildProcess.emit (events.js:191:7)
14 verbose stack     at maybeClose (internal/child_process.js:920:16)
14 verbose stack     at Process.ChildProcess._handle.onexit (internal/child_process.js:230:5)
15 verbose pkgid frontend@0.0.0
16 verbose cwd C:\Users\ktran\Desktop\workspace\bookstore-microservices\frontend
17 error Windows_NT 10.0.16299
18 error argv "C:\\Program Files\\nodejs\\node.exe" "C:\\Program Files\\nodejs\\node_modules\\npm\\bin\\npm-cli.js" "run" "start"
19 error node v6.12.0
20 error npm  v3.10.10
21 error code ELIFECYCLE
22 error frontend@0.0.0 start: `node ./bin/www`
22 error Exit status 3221225786
23 error Failed at the frontend@0.0.0 start script 'node ./bin/www'.
23 error Make sure you have the latest version of node.js and npm installed.
23 error If you do, this is most likely a problem with the frontend package,
23 error not with npm itself.
23 error Tell the author that this fails on your system:
23 error     node ./bin/www
23 error You can get information on how to open an issue for this project with:
23 error     npm bugs frontend
23 error Or if that isn't available, you can get their info via:
23 error     npm owner ls frontend
23 error There is likely additional logging output above.
24 verbose exit [ 1, true ]
